AddressSanitizer:DEADLYSIGNAL
=================================================================
==247807==ERROR: AddressSanitizer: SEGV on unknown address 0x000000000008 (pc 0x5a38d34c7907 bp 0x7ffe393322e0 sp 0x7ffe39332240 T0)
==247807==The signal is caused by a READ memory access.
==247807==Hint: address points to the zero page.
bash: cat;: command not found
AddressSanitizer:DEADLYSIGNAL
=================================================================
==247808==ERROR: AddressSanitizer: SEGV on unknown address 0x000000000008 (pc 0x5a38d34c7c5e bp 0x7ffe393322e0 sp 0x7ffe39332240 T0)
==247808==The signal is caused by a READ memory access.
==247808==Hint: address points to the zero page.
    #0 0x5a38d34c7907 in exec_pipe (/home/ymizuniw/minishell_plot/minishell+0x9907) (BuildId: 16d162c638525efda506552860def4a182247ca6)
    #1 0x5a38d34c6d5e in ast_traversal (/home/ymizuniw/minishell_plot/minishell+0x8d5e) (BuildId: 16d162c638525efda506552860def4a182247ca6)
    #2 0x5a38d34c6a07 in executor (/home/ymizuniw/minishell_plot/minishell+0x8a07) (BuildId: 16d162c638525efda506552860def4a182247ca6)
    #3 0x5a38d34c2bf4 in exec_one_ast (/home/ymizuniw/minishell_plot/minishell+0x4bf4) (BuildId: 16d162c638525efda506552860def4a182247ca6)
    #4 0x5a38d34c2f29 in parse_and_exec (/home/ymizuniw/minishell_plot/minishell+0x4f29) (BuildId: 16d162c638525efda506552860def4a182247ca6)
    #5 0x5a38d34c31f9 in shell_loop (/home/ymizuniw/minishell_plot/minishell+0x51f9) (BuildId: 16d162c638525efda506552860def4a182247ca6)
    #6 0x5a38d34c343e in main (/home/ymizuniw/minishell_plot/minishell+0x543e) (BuildId: 16d162c638525efda506552860def4a182247ca6)
    #7 0x79efd162a1c9 in __libc_start_call_main ../sysdeps/nptl/libc_start_call_main.h:58
    #8 0x79efd162a28a in __libc_start_main_impl ../csu/libc-start.c:360
    #9 0x5a38d34c27a4 in _start (/home/ymizuniw/minishell_plot/minishell+0x47a4) (BuildId: 16d162c638525efda506552860def4a182247ca6)

AddressSanitizer can not provide additional info.
SUMMARY: AddressSanitizer: SEGV (/home/ymizuniw/minishell_plot/minishell+0x9907) (BuildId: 16d162c638525efda506552860def4a182247ca6) in exec_pipe
==247807==ABORTING
    #0 0x5a38d34c7c5e in exec_pipe (/home/ymizuniw/minishell_plot/minishell+0x9c5e) (BuildId: 16d162c638525efda506552860def4a182247ca6)
    #1 0x5a38d34c6d5e in ast_traversal (/home/ymizuniw/minishell_plot/minishell+0x8d5e) (BuildId: 16d162c638525efda506552860def4a182247ca6)
    #2 0x5a38d34c6a07 in executor (/home/ymizuniw/minishell_plot/minishell+0x8a07) (BuildId: 16d162c638525efda506552860def4a182247ca6)
    #3 0x5a38d34c2bf4 in exec_one_ast (/home/ymizuniw/minishell_plot/minishell+0x4bf4) (BuildId: 16d162c638525efda506552860def4a182247ca6)
    #4 0x5a38d34c2f29 in parse_and_exec (/home/ymizuniw/minishell_plot/minishell+0x4f29) (BuildId: 16d162c638525efda506552860def4a182247ca6)
    #5 0x5a38d34c31f9 in shell_loop (/home/ymizuniw/minishell_plot/minishell+0x51f9) (BuildId: 16d162c638525efda506552860def4a182247ca6)
    #6 0x5a38d34c343e in main (/home/ymizuniw/minishell_plot/minishell+0x543e) (BuildId: 16d162c638525efda506552860def4a182247ca6)
    #7 0x79efd162a1c9 in __libc_start_call_main ../sysdeps/nptl/libc_start_call_main.h:58
    #8 0x79efd162a28a in __libc_start_main_impl ../csu/libc-start.c:360
    #9 0x5a38d34c27a4 in _start (/home/ymizuniw/minishell_plot/minishell+0x47a4) (BuildId: 16d162c638525efda506552860def4a182247ca6)

AddressSanitizer can not provide additional info.
SUMMARY: AddressSanitizer: SEGV (/home/ymizuniw/minishell_plot/minishell+0x9c5e) (BuildId: 16d162c638525efda506552860def4a182247ca6) in exec_pipe
==247808==ABORTING
