
=================================================================
==251246==ERROR: LeakSanitizer: detected memory leaks

Direct leak of 120 byte(s) in 1 object(s) allocated from:
    #0 0x749f05efd9c7 in malloc ../../../../src/libsanitizer/asan/asan_malloc_linux.cpp:69
    #1 0x749f05a86d84 in __GI___getdelim libio/iogetdelim.c:65
    #2 0x749f05e9a102 in getline ../../../../src/libsanitizer/sanitizer_common/sanitizer_common_interceptors.inc:5317
    #3 0x581931dcc9ea in ft_readline (/home/ymizuniw/minishell_plot/minishell+0x49ea) (BuildId: a58ad601dc52e22670421fa0633c50f3bebae0de)
    #4 0x581931dccff1 in shell_loop (/home/ymizuniw/minishell_plot/minishell+0x4ff1) (BuildId: a58ad601dc52e22670421fa0633c50f3bebae0de)
    #5 0x581931dcd43e in main (/home/ymizuniw/minishell_plot/minishell+0x543e) (BuildId: a58ad601dc52e22670421fa0633c50f3bebae0de)
    #6 0x749f05a2a1c9 in __libc_start_call_main ../sysdeps/nptl/libc_start_call_main.h:58
    #7 0x749f05a2a28a in __libc_start_main_impl ../csu/libc-start.c:360
    #8 0x581931dcc7a4 in _start (/home/ymizuniw/minishell_plot/minishell+0x47a4) (BuildId: a58ad601dc52e22670421fa0633c50f3bebae0de)

Direct leak of 48 byte(s) in 1 object(s) allocated from:
    #0 0x749f05efd9c7 in malloc ../../../../src/libsanitizer/asan/asan_malloc_linux.cpp:69
    #1 0x581931dcff8f in xmalloc (/home/ymizuniw/minishell_plot/minishell+0x7f8f) (BuildId: a58ad601dc52e22670421fa0633c50f3bebae0de)
    #2 0x581931dcf8bd in alloc_node (/home/ymizuniw/minishell_plot/minishell+0x78bd) (BuildId: a58ad601dc52e22670421fa0633c50f3bebae0de)
    #3 0x581931ddaa9b in gen_command_node (/home/ymizuniw/minishell_plot/minishell+0x12a9b) (BuildId: a58ad601dc52e22670421fa0633c50f3bebae0de)
    #4 0x581931dd988a in fgen_tree (/home/ymizuniw/minishell_plot/minishell+0x1188a) (BuildId: a58ad601dc52e22670421fa0633c50f3bebae0de)
    #5 0x581931dd9ec4 in parse (/home/ymizuniw/minishell_plot/minishell+0x11ec4) (BuildId: a58ad601dc52e22670421fa0633c50f3bebae0de)
    #6 0x581931dd9f5f in parser (/home/ymizuniw/minishell_plot/minishell+0x11f5f) (BuildId: a58ad601dc52e22670421fa0633c50f3bebae0de)
    #7 0x581931dcceff in parse_and_exec (/home/ymizuniw/minishell_plot/minishell+0x4eff) (BuildId: a58ad601dc52e22670421fa0633c50f3bebae0de)
    #8 0x581931dcd1f9 in shell_loop (/home/ymizuniw/minishell_plot/minishell+0x51f9) (BuildId: a58ad601dc52e22670421fa0633c50f3bebae0de)
    #9 0x581931dcd43e in main (/home/ymizuniw/minishell_plot/minishell+0x543e) (BuildId: a58ad601dc52e22670421fa0633c50f3bebae0de)
    #10 0x749f05a2a1c9 in __libc_start_call_main ../sysdeps/nptl/libc_start_call_main.h:58
    #11 0x749f05a2a28a in __libc_start_main_impl ../csu/libc-start.c:360
    #12 0x581931dcc7a4 in _start (/home/ymizuniw/minishell_plot/minishell+0x47a4) (BuildId: a58ad601dc52e22670421fa0633c50f3bebae0de)

Indirect leak of 48 byte(s) in 1 object(s) allocated from:
    #0 0x749f05efd9c7 in malloc ../../../../src/libsanitizer/asan/asan_malloc_linux.cpp:69
    #1 0x581931dcff8f in xmalloc (/home/ymizuniw/minishell_plot/minishell+0x7f8f) (BuildId: a58ad601dc52e22670421fa0633c50f3bebae0de)
    #2 0x581931dcf8e5 in alloc_token (/home/ymizuniw/minishell_plot/minishell+0x78e5) (BuildId: a58ad601dc52e22670421fa0633c50f3bebae0de)
    #3 0x581931dd6976 in init_token (/home/ymizuniw/minishell_plot/minishell+0xe976) (BuildId: a58ad601dc52e22670421fa0633c50f3bebae0de)
    #4 0x581931dd768f in lexer (/home/ymizuniw/minishell_plot/minishell+0xf68f) (BuildId: a58ad601dc52e22670421fa0633c50f3bebae0de)
    #5 0x581931dcd180 in shell_loop (/home/ymizuniw/minishell_plot/minishell+0x5180) (BuildId: a58ad601dc52e22670421fa0633c50f3bebae0de)
    #6 0x581931dcd43e in main (/home/ymizuniw/minishell_plot/minishell+0x543e) (BuildId: a58ad601dc52e22670421fa0633c50f3bebae0de)
    #7 0x749f05a2a1c9 in __libc_start_call_main ../sysdeps/nptl/libc_start_call_main.h:58
    #8 0x749f05a2a28a in __libc_start_main_impl ../csu/libc-start.c:360
    #9 0x581931dcc7a4 in _start (/home/ymizuniw/minishell_plot/minishell+0x47a4) (BuildId: a58ad601dc52e22670421fa0633c50f3bebae0de)

Indirect leak of 48 byte(s) in 1 object(s) allocated from:
    #0 0x749f05efd9c7 in malloc ../../../../src/libsanitizer/asan/asan_malloc_linux.cpp:69
    #1 0x581931dcff8f in xmalloc (/home/ymizuniw/minishell_plot/minishell+0x7f8f) (BuildId: a58ad601dc52e22670421fa0633c50f3bebae0de)
    #2 0x581931dcf8e5 in alloc_token (/home/ymizuniw/minishell_plot/minishell+0x78e5) (BuildId: a58ad601dc52e22670421fa0633c50f3bebae0de)
    #3 0x581931dd70fa in handle_eof (/home/ymizuniw/minishell_plot/minishell+0xf0fa) (BuildId: a58ad601dc52e22670421fa0633c50f3bebae0de)
    #4 0x581931dd79b8 in lexer (/home/ymizuniw/minishell_plot/minishell+0xf9b8) (BuildId: a58ad601dc52e22670421fa0633c50f3bebae0de)
    #5 0x581931dcd180 in shell_loop (/home/ymizuniw/minishell_plot/minishell+0x5180) (BuildId: a58ad601dc52e22670421fa0633c50f3bebae0de)
    #6 0x581931dcd43e in main (/home/ymizuniw/minishell_plot/minishell+0x543e) (BuildId: a58ad601dc52e22670421fa0633c50f3bebae0de)
    #7 0x749f05a2a1c9 in __libc_start_call_main ../sysdeps/nptl/libc_start_call_main.h:58
    #8 0x749f05a2a28a in __libc_start_main_impl ../csu/libc-start.c:360
    #9 0x581931dcc7a4 in _start (/home/ymizuniw/minishell_plot/minishell+0x47a4) (BuildId: a58ad601dc52e22670421fa0633c50f3bebae0de)

Indirect leak of 48 byte(s) in 1 object(s) allocated from:
    #0 0x749f05efd9c7 in malloc ../../../../src/libsanitizer/asan/asan_malloc_linux.cpp:69
    #1 0x581931dcff8f in xmalloc (/home/ymizuniw/minishell_plot/minishell+0x7f8f) (BuildId: a58ad601dc52e22670421fa0633c50f3bebae0de)
    #2 0x581931dcf8e5 in alloc_token (/home/ymizuniw/minishell_plot/minishell+0x78e5) (BuildId: a58ad601dc52e22670421fa0633c50f3bebae0de)
    #3 0x581931dd6e71 in handle_word (/home/ymizuniw/minishell_plot/minishell+0xee71) (BuildId: a58ad601dc52e22670421fa0633c50f3bebae0de)
    #4 0x581931dd70d3 in handle_word_and_doller (/home/ymizuniw/minishell_plot/minishell+0xf0d3) (BuildId: a58ad601dc52e22670421fa0633c50f3bebae0de)
    #5 0x581931dd75cd in handle_operators_and_words (/home/ymizuniw/minishell_plot/minishell+0xf5cd) (BuildId: a58ad601dc52e22670421fa0633c50f3bebae0de)
    #6 0x581931dd7948 in lexer (/home/ymizuniw/minishell_plot/minishell+0xf948) (BuildId: a58ad601dc52e22670421fa0633c50f3bebae0de)
    #7 0x581931dcd180 in shell_loop (/home/ymizuniw/minishell_plot/minishell+0x5180) (BuildId: a58ad601dc52e22670421fa0633c50f3bebae0de)
    #8 0x581931dcd43e in main (/home/ymizuniw/minishell_plot/minishell+0x543e) (BuildId: a58ad601dc52e22670421fa0633c50f3bebae0de)
    #9 0x749f05a2a1c9 in __libc_start_call_main ../sysdeps/nptl/libc_start_call_main.h:58
    #10 0x749f05a2a28a in __libc_start_main_impl ../csu/libc-start.c:360
    #11 0x581931dcc7a4 in _start (/home/ymizuniw/minishell_plot/minishell+0x47a4) (BuildId: a58ad601dc52e22670421fa0633c50f3bebae0de)

Indirect leak of 24 byte(s) in 1 object(s) allocated from:
    #0 0x749f05efd9c7 in malloc ../../../../src/libsanitizer/asan/asan_malloc_linux.cpp:69
    #1 0x581931dcff8f in xmalloc (/home/ymizuniw/minishell_plot/minishell+0x7f8f) (BuildId: a58ad601dc52e22670421fa0633c50f3bebae0de)
    #2 0x581931dcf90d in alloc_argv (/home/ymizuniw/minishell_plot/minishell+0x790d) (BuildId: a58ad601dc52e22670421fa0633c50f3bebae0de)
    #3 0x581931dda358 in parse_simple_command (/home/ymizuniw/minishell_plot/minishell+0x12358) (BuildId: a58ad601dc52e22670421fa0633c50f3bebae0de)
    #4 0x581931dda917 in parse_command_list (/home/ymizuniw/minishell_plot/minishell+0x12917) (BuildId: a58ad601dc52e22670421fa0633c50f3bebae0de)
    #5 0x581931ddabdb in gen_command_node (/home/ymizuniw/minishell_plot/minishell+0x12bdb) (BuildId: a58ad601dc52e22670421fa0633c50f3bebae0de)
    #6 0x581931dd988a in fgen_tree (/home/ymizuniw/minishell_plot/minishell+0x1188a) (BuildId: a58ad601dc52e22670421fa0633c50f3bebae0de)
    #7 0x581931dd9ec4 in parse (/home/ymizuniw/minishell_plot/minishell+0x11ec4) (BuildId: a58ad601dc52e22670421fa0633c50f3bebae0de)
    #8 0x581931dd9f5f in parser (/home/ymizuniw/minishell_plot/minishell+0x11f5f) (BuildId: a58ad601dc52e22670421fa0633c50f3bebae0de)
    #9 0x581931dcceff in parse_and_exec (/home/ymizuniw/minishell_plot/minishell+0x4eff) (BuildId: a58ad601dc52e22670421fa0633c50f3bebae0de)
    #10 0x581931dcd1f9 in shell_loop (/home/ymizuniw/minishell_plot/minishell+0x51f9) (BuildId: a58ad601dc52e22670421fa0633c50f3bebae0de)
    #11 0x581931dcd43e in main (/home/ymizuniw/minishell_plot/minishell+0x543e) (BuildId: a58ad601dc52e22670421fa0633c50f3bebae0de)
    #12 0x749f05a2a1c9 in __libc_start_call_main ../sysdeps/nptl/libc_start_call_main.h:58
    #13 0x749f05a2a28a in __libc_start_main_impl ../csu/libc-start.c:360
    #14 0x581931dcc7a4 in _start (/home/ymizuniw/minishell_plot/minishell+0x47a4) (BuildId: a58ad601dc52e22670421fa0633c50f3bebae0de)

Indirect leak of 24 byte(s) in 1 object(s) allocated from:
    #0 0x749f05efd9c7 in malloc ../../../../src/libsanitizer/asan/asan_malloc_linux.cpp:69
    #1 0x581931dcff8f in xmalloc (/home/ymizuniw/minishell_plot/minishell+0x7f8f) (BuildId: a58ad601dc52e22670421fa0633c50f3bebae0de)
    #2 0x581931dcf8d1 in alloc_cmd (/home/ymizuniw/minishell_plot/minishell+0x78d1) (BuildId: a58ad601dc52e22670421fa0633c50f3bebae0de)
    #3 0x581931ddab35 in gen_command_node (/home/ymizuniw/minishell_plot/minishell+0x12b35) (BuildId: a58ad601dc52e22670421fa0633c50f3bebae0de)
    #4 0x581931dd988a in fgen_tree (/home/ymizuniw/minishell_plot/minishell+0x1188a) (BuildId: a58ad601dc52e22670421fa0633c50f3bebae0de)
    #5 0x581931dd9ec4 in parse (/home/ymizuniw/minishell_plot/minishell+0x11ec4) (BuildId: a58ad601dc52e22670421fa0633c50f3bebae0de)
    #6 0x581931dd9f5f in parser (/home/ymizuniw/minishell_plot/minishell+0x11f5f) (BuildId: a58ad601dc52e22670421fa0633c50f3bebae0de)
    #7 0x581931dcceff in parse_and_exec (/home/ymizuniw/minishell_plot/minishell+0x4eff) (BuildId: a58ad601dc52e22670421fa0633c50f3bebae0de)
    #8 0x581931dcd1f9 in shell_loop (/home/ymizuniw/minishell_plot/minishell+0x51f9) (BuildId: a58ad601dc52e22670421fa0633c50f3bebae0de)
    #9 0x581931dcd43e in main (/home/ymizuniw/minishell_plot/minishell+0x543e) (BuildId: a58ad601dc52e22670421fa0633c50f3bebae0de)
    #10 0x749f05a2a1c9 in __libc_start_call_main ../sysdeps/nptl/libc_start_call_main.h:58
    #11 0x749f05a2a28a in __libc_start_main_impl ../csu/libc-start.c:360
    #12 0x581931dcc7a4 in _start (/home/ymizuniw/minishell_plot/minishell+0x47a4) (BuildId: a58ad601dc52e22670421fa0633c50f3bebae0de)

Indirect leak of 4 byte(s) in 1 object(s) allocated from:
    #0 0x749f05ef74e8 in strdup ../../../../src/libsanitizer/asan/asan_interceptors.cpp:578
    #1 0x581931dda3b8 in parse_simple_command (/home/ymizuniw/minishell_plot/minishell+0x123b8) (BuildId: a58ad601dc52e22670421fa0633c50f3bebae0de)
    #2 0x581931dda917 in parse_command_list (/home/ymizuniw/minishell_plot/minishell+0x12917) (BuildId: a58ad601dc52e22670421fa0633c50f3bebae0de)
    #3 0x581931ddabdb in gen_command_node (/home/ymizuniw/minishell_plot/minishell+0x12bdb) (BuildId: a58ad601dc52e22670421fa0633c50f3bebae0de)
    #4 0x581931dd988a in fgen_tree (/home/ymizuniw/minishell_plot/minishell+0x1188a) (BuildId: a58ad601dc52e22670421fa0633c50f3bebae0de)
    #5 0x581931dd9ec4 in parse (/home/ymizuniw/minishell_plot/minishell+0x11ec4) (BuildId: a58ad601dc52e22670421fa0633c50f3bebae0de)
    #6 0x581931dd9f5f in parser (/home/ymizuniw/minishell_plot/minishell+0x11f5f) (BuildId: a58ad601dc52e22670421fa0633c50f3bebae0de)
    #7 0x581931dcceff in parse_and_exec (/home/ymizuniw/minishell_plot/minishell+0x4eff) (BuildId: a58ad601dc52e22670421fa0633c50f3bebae0de)
    #8 0x581931dcd1f9 in shell_loop (/home/ymizuniw/minishell_plot/minishell+0x51f9) (BuildId: a58ad601dc52e22670421fa0633c50f3bebae0de)
    #9 0x581931dcd43e in main (/home/ymizuniw/minishell_plot/minishell+0x543e) (BuildId: a58ad601dc52e22670421fa0633c50f3bebae0de)
    #10 0x749f05a2a1c9 in __libc_start_call_main ../sysdeps/nptl/libc_start_call_main.h:58
    #11 0x749f05a2a28a in __libc_start_main_impl ../csu/libc-start.c:360
    #12 0x581931dcc7a4 in _start (/home/ymizuniw/minishell_plot/minishell+0x47a4) (BuildId: a58ad601dc52e22670421fa0633c50f3bebae0de)

Indirect leak of 4 byte(s) in 1 object(s) allocated from:
    #0 0x749f05efc778 in realloc ../../../../src/libsanitizer/asan/asan_malloc_linux.cpp:85
    #1 0x581931dd8ef3 in handle_plain (/home/ymizuniw/minishell_plot/minishell+0x10ef3) (BuildId: a58ad601dc52e22670421fa0633c50f3bebae0de)
    #2 0x581931dd924a in word_cat (/home/ymizuniw/minishell_plot/minishell+0x1124a) (BuildId: a58ad601dc52e22670421fa0633c50f3bebae0de)
    #3 0x581931dd6efa in handle_word (/home/ymizuniw/minishell_plot/minishell+0xeefa) (BuildId: a58ad601dc52e22670421fa0633c50f3bebae0de)
    #4 0x581931dd70d3 in handle_word_and_doller (/home/ymizuniw/minishell_plot/minishell+0xf0d3) (BuildId: a58ad601dc52e22670421fa0633c50f3bebae0de)
    #5 0x581931dd75cd in handle_operators_and_words (/home/ymizuniw/minishell_plot/minishell+0xf5cd) (BuildId: a58ad601dc52e22670421fa0633c50f3bebae0de)
    #6 0x581931dd7948 in lexer (/home/ymizuniw/minishell_plot/minishell+0xf948) (BuildId: a58ad601dc52e22670421fa0633c50f3bebae0de)
    #7 0x581931dcd180 in shell_loop (/home/ymizuniw/minishell_plot/minishell+0x5180) (BuildId: a58ad601dc52e22670421fa0633c50f3bebae0de)
    #8 0x581931dcd43e in main (/home/ymizuniw/minishell_plot/minishell+0x543e) (BuildId: a58ad601dc52e22670421fa0633c50f3bebae0de)
    #9 0x749f05a2a1c9 in __libc_start_call_main ../sysdeps/nptl/libc_start_call_main.h:58
    #10 0x749f05a2a28a in __libc_start_main_impl ../csu/libc-start.c:360
    #11 0x581931dcc7a4 in _start (/home/ymizuniw/minishell_plot/minishell+0x47a4) (BuildId: a58ad601dc52e22670421fa0633c50f3bebae0de)

Indirect leak of 1 byte(s) in 1 object(s) allocated from:
    #0 0x749f05ef74e8 in strdup ../../../../src/libsanitizer/asan/asan_interceptors.cpp:578
    #1 0x581931dd715c in handle_eof (/home/ymizuniw/minishell_plot/minishell+0xf15c) (BuildId: a58ad601dc52e22670421fa0633c50f3bebae0de)
    #2 0x581931dd79b8 in lexer (/home/ymizuniw/minishell_plot/minishell+0xf9b8) (BuildId: a58ad601dc52e22670421fa0633c50f3bebae0de)
    #3 0x581931dcd180 in shell_loop (/home/ymizuniw/minishell_plot/minishell+0x5180) (BuildId: a58ad601dc52e22670421fa0633c50f3bebae0de)
    #4 0x581931dcd43e in main (/home/ymizuniw/minishell_plot/minishell+0x543e) (BuildId: a58ad601dc52e22670421fa0633c50f3bebae0de)
    #5 0x749f05a2a1c9 in __libc_start_call_main ../sysdeps/nptl/libc_start_call_main.h:58
    #6 0x749f05a2a28a in __libc_start_main_impl ../csu/libc-start.c:360
    #7 0x581931dcc7a4 in _start (/home/ymizuniw/minishell_plot/minishell+0x47a4) (BuildId: a58ad601dc52e22670421fa0633c50f3bebae0de)

SUMMARY: AddressSanitizer: 369 byte(s) leaked in 10 allocation(s).
