AddressSanitizer:DEADLYSIGNAL
=================================================================
==248860==ERROR: AddressSanitizer: SEGV on unknown address 0x000000000008 (pc 0x5954ad239907 bp 0x7fff45ae4e40 sp 0x7fff45ae4da0 T0)
==248860==The signal is caused by a READ memory access.
==248860==Hint: address points to the zero page.
bash: cat;: command not found
AddressSanitizer:DEADLYSIGNAL
=================================================================
==248861==ERROR: AddressSanitizer: SEGV on unknown address 0x000000000008 (pc 0x5954ad239c5e bp 0x7fff45ae4e40 sp 0x7fff45ae4da0 T0)
==248861==The signal is caused by a READ memory access.
==248861==Hint: address points to the zero page.
    #0 0x5954ad239907 in exec_pipe (/home/ymizuniw/minishell_plot/minishell+0x9907) (BuildId: ff1f56263e892815d83366c675ccc3c475b8a6d4)
    #1 0x5954ad238d5e in ast_traversal (/home/ymizuniw/minishell_plot/minishell+0x8d5e) (BuildId: ff1f56263e892815d83366c675ccc3c475b8a6d4)
    #2 0x5954ad238a07 in executor (/home/ymizuniw/minishell_plot/minishell+0x8a07) (BuildId: ff1f56263e892815d83366c675ccc3c475b8a6d4)
    #3 0x5954ad234bf4 in exec_one_ast (/home/ymizuniw/minishell_plot/minishell+0x4bf4) (BuildId: ff1f56263e892815d83366c675ccc3c475b8a6d4)
    #4 0x5954ad234f29 in parse_and_exec (/home/ymizuniw/minishell_plot/minishell+0x4f29) (BuildId: ff1f56263e892815d83366c675ccc3c475b8a6d4)
    #5 0x5954ad2351f9 in shell_loop (/home/ymizuniw/minishell_plot/minishell+0x51f9) (BuildId: ff1f56263e892815d83366c675ccc3c475b8a6d4)
    #6 0x5954ad23543e in main (/home/ymizuniw/minishell_plot/minishell+0x543e) (BuildId: ff1f56263e892815d83366c675ccc3c475b8a6d4)
    #7 0x7da8b582a1c9 in __libc_start_call_main ../sysdeps/nptl/libc_start_call_main.h:58
    #8 0x7da8b582a28a in __libc_start_main_impl ../csu/libc-start.c:360
    #9 0x5954ad2347a4 in _start (/home/ymizuniw/minishell_plot/minishell+0x47a4) (BuildId: ff1f56263e892815d83366c675ccc3c475b8a6d4)

AddressSanitizer can not provide additional info.
SUMMARY: AddressSanitizer: SEGV (/home/ymizuniw/minishell_plot/minishell+0x9907) (BuildId: ff1f56263e892815d83366c675ccc3c475b8a6d4) in exec_pipe
==248860==ABORTING
    #0 0x5954ad239c5e in exec_pipe (/home/ymizuniw/minishell_plot/minishell+0x9c5e) (BuildId: ff1f56263e892815d83366c675ccc3c475b8a6d4)
    #1 0x5954ad238d5e in ast_traversal (/home/ymizuniw/minishell_plot/minishell+0x8d5e) (BuildId: ff1f56263e892815d83366c675ccc3c475b8a6d4)
    #2 0x5954ad238a07 in executor (/home/ymizuniw/minishell_plot/minishell+0x8a07) (BuildId: ff1f56263e892815d83366c675ccc3c475b8a6d4)
    #3 0x5954ad234bf4 in exec_one_ast (/home/ymizuniw/minishell_plot/minishell+0x4bf4) (BuildId: ff1f56263e892815d83366c675ccc3c475b8a6d4)
    #4 0x5954ad234f29 in parse_and_exec (/home/ymizuniw/minishell_plot/minishell+0x4f29) (BuildId: ff1f56263e892815d83366c675ccc3c475b8a6d4)
    #5 0x5954ad2351f9 in shell_loop (/home/ymizuniw/minishell_plot/minishell+0x51f9) (BuildId: ff1f56263e892815d83366c675ccc3c475b8a6d4)
    #6 0x5954ad23543e in main (/home/ymizuniw/minishell_plot/minishell+0x543e) (BuildId: ff1f56263e892815d83366c675ccc3c475b8a6d4)
    #7 0x7da8b582a1c9 in __libc_start_call_main ../sysdeps/nptl/libc_start_call_main.h:58
    #8 0x7da8b582a28a in __libc_start_main_impl ../csu/libc-start.c:360
    #9 0x5954ad2347a4 in _start (/home/ymizuniw/minishell_plot/minishell+0x47a4) (BuildId: ff1f56263e892815d83366c675ccc3c475b8a6d4)

AddressSanitizer can not provide additional info.
SUMMARY: AddressSanitizer: SEGV (/home/ymizuniw/minishell_plot/minishell+0x9c5e) (BuildId: ff1f56263e892815d83366c675ccc3c475b8a6d4) in exec_pipe
==248861==ABORTING
